Dec 14, 2023 8:33:04 PM util.Log check
INFO: /home/mghali/dev/projects/college/senior/np/src/./../../res/student-info.html
Dec 14, 2023 8:33:04 PM util.Log check
INFO: html file doesn't exist
Dec 14, 2023 8:33:33 PM util.Log check
INFO: Client disconnected
Dec 14, 2023 8:38:03 PM util.Log check
INFO: /home/mghali/dev/projects/college/senior/np/src/./../../res/student-info.html
Dec 14, 2023 8:38:04 PM util.Log check
INFO: html file doesn't exist
Dec 14, 2023 8:38:05 PM util.Log check
INFO: Client disconnected
Dec 20, 2023 2:41:34 AM util.Log err
SEVERE: Server exception: Address already in use
java.net.BindException: Address already in use
	at java.base/sun.nio.ch.Net.bind0(Native Method)
	at java.base/sun.nio.ch.Net.bind(Net.java:555)
	at java.base/sun.nio.ch.Net.bind(Net.java:544)
	at java.base/sun.nio.ch.NioSocketImpl.bind(NioSocketImpl.java:648)
	at java.base/java.net.ServerSocket.bind(ServerSocket.java:388)
	at java.base/java.net.ServerSocket.<init>(ServerSocket.java:274)
	at java.base/java.net.ServerSocket.<init>(ServerSocket.java:167)
	at server.Server.main(Server.java:19)

Dec 20, 2023 2:41:51 AM util.Log info
INFO: Request type: GET
Dec 20, 2023 2:41:55 AM util.Log check
INFO: /home/mghali/dev/projects/college/senior/np/./../res/student-info.html
Dec 20, 2023 2:41:55 AM util.Log check
INFO: html file doesn't exist
Dec 20, 2023 2:41:56 AM util.Log err
SEVERE: Error writing response content: ./../res/student-info.html (No such file or directory)
java.io.FileNotFoundException: ./../res/student-info.html (No such file or directory)
	at java.base/java.io.FileInputStream.open0(Native Method)
	at java.base/java.io.FileInputStream.open(FileInputStream.java:216)
	at java.base/java.io.FileInputStream.<init>(FileInputStream.java:157)
	at java.base/java.io.FileReader.<init>(FileReader.java:75)
	at server.ServerThread.writeResponseContent(Server.java:109)
	at server.ServerThread.writeResponse(Server.java:105)
	at server.ServerThread.run(Server.java:65)
	at java.base/java.util.concurrent.ThreadPoolExecutor.runWorker(ThreadPoolExecutor.java:1136)
	at java.base/java.util.concurrent.ThreadPoolExecutor$Worker.run(ThreadPoolExecutor.java:635)
	at java.base/java.lang.Thread.run(Thread.java:840)

Dec 20, 2023 2:42:02 AM util.Log err
SEVERE: Error reading client ack: Socket closed
java.net.SocketException: Socket closed
	at java.base/sun.nio.ch.NioSocketImpl.endRead(NioSocketImpl.java:253)
	at java.base/sun.nio.ch.NioSocketImpl.implRead(NioSocketImpl.java:332)
	at java.base/sun.nio.ch.NioSocketImpl.read(NioSocketImpl.java:355)
	at java.base/sun.nio.ch.NioSocketImpl$1.read(NioSocketImpl.java:808)
	at java.base/java.net.Socket$SocketInputStream.read(Socket.java:966)
	at java.base/sun.nio.cs.StreamDecoder.readBytes(StreamDecoder.java:270)
	at java.base/sun.nio.cs.StreamDecoder.implRead(StreamDecoder.java:313)
	at java.base/sun.nio.cs.StreamDecoder.read(StreamDecoder.java:188)
	at java.base/java.io.InputStreamReader.read(InputStreamReader.java:177)
	at java.base/java.io.BufferedReader.fill(BufferedReader.java:162)
	at java.base/java.io.BufferedReader.readLine(BufferedReader.java:329)
	at java.base/java.io.BufferedReader.readLine(BufferedReader.java:396)
	at server.ServerThread.getClientAck(Server.java:122)
	at server.ServerThread.lambda$0(Server.java:68)
	at java.base/java.lang.Thread.run(Thread.java:840)

